#-----------------------------------------------------------
# Vivado v2018.3 (64-bit)
# SW Build 2405991 on Thu Dec  6 23:38:27 MST 2018
# IP Build 2404404 on Fri Dec  7 01:43:56 MST 2018
# Start of session at: Thu May 26 10:30:58 2022
# Process ID: 14276
# Current directory: E:/vivado_files/vgatest
# Command line: vivado.exe -gui_launcher_event rodinguilauncherevent14164 E:\vivado_files\vgatest\vgatest.xpr
# Log file: E:/vivado_files/vgatest/vivado.log
# Journal file: E:/vivado_files/vgatest\vivado.jou
#-----------------------------------------------------------
start_gui
open_project E:/vivado_files/vgatest/vgatest.xpr
Scanning sources...
Finished scanning sources
INFO: [IP_Flow 19-234] Refreshing IP repositories
INFO: [IP_Flow 19-1704] No user IP repositories specified
INFO: [IP_Flow 19-2313] Loaded Vivado IP repository 'D:/vivado/Vivado/2018.3/data/ip'.
open_project: Time (s): cpu = 00:00:14 ; elapsed = 00:00:06 . Memory (MB): peak = 752.543 ; gain = 142.562
update_compile_order -fileset sources_1
update_compile_order -fileset sources_1
update_compile_order -fileset sources_1
INFO: [Device 21-403] Loading part xc7a35tcpg236-1
WARNING: [IP_Flow 19-4067] Ignoring invalid widget type specified checkbox.Providing a default widget
WARNING: [IP_Flow 19-4067] Ignoring invalid widget type specified checkbox.Providing a default widget
INFO: [IP_Flow 19-3484] Absolute path of file 'e:/二下/数电/数电大作业/VGA图片/1.coe' provided. It will be converted relative to IP Instance files '../../../../../../二下/数电/数电大作业/VGA图片/1.coe'
create_ip -name blk_mem_gen -vendor xilinx.com -library ip -version 8.4 -module_name blk_mem_gen_2 -dir e:/vivado_files/vgatest/vgatest.srcs/sources_1/ip
set_property -dict [list CONFIG.Memory_Type {Single_Port_ROM} CONFIG.Write_Width_A {1} CONFIG.Write_Depth_A {9600} CONFIG.Read_Width_A {1} CONFIG.Write_Width_B {1} CONFIG.Read_Width_B {1} CONFIG.Load_Init_File {true} CONFIG.Coe_File {E:/二下/数电/数电大作业/VGA图片/1.coe} CONFIG.Port_A_Write_Rate {0}] [get_ips blk_mem_gen_2]
INFO: [IP_Flow 19-3484] Absolute path of file 'e:/二下/数电/数电大作业/VGA图片/1.coe' provided. It will be converted relative to IP Instance files '../../../../../../二下/数电/数电大作业/VGA图片/1.coe'
generate_target {instantiation_template} [get_files e:/vivado_files/vgatest/vgatest.srcs/sources_1/ip/blk_mem_gen_2/blk_mem_gen_2.xci]
INFO: [IP_Flow 19-1686] Generating 'Instantiation Template' target for IP 'blk_mem_gen_2'...
generate_target all [get_files  e:/vivado_files/vgatest/vgatest.srcs/sources_1/ip/blk_mem_gen_2/blk_mem_gen_2.xci]
INFO: [IP_Flow 19-1686] Generating 'Synthesis' target for IP 'blk_mem_gen_2'...
INFO: [IP_Flow 19-1686] Generating 'Simulation' target for IP 'blk_mem_gen_2'...
INFO: [IP_Flow 19-1686] Generating 'Miscellaneous' target for IP 'blk_mem_gen_2'...
INFO: [IP_Flow 19-1686] Generating 'Change Log' target for IP 'blk_mem_gen_2'...
catch { config_ip_cache -export [get_ips -all blk_mem_gen_2] }
export_ip_user_files -of_objects [get_files e:/vivado_files/vgatest/vgatest.srcs/sources_1/ip/blk_mem_gen_2/blk_mem_gen_2.xci] -no_script -sync -force -quiet
create_ip_run [get_files -of_objects [get_fileset sources_1] e:/vivado_files/vgatest/vgatest.srcs/sources_1/ip/blk_mem_gen_2/blk_mem_gen_2.xci]
launch_runs -jobs 4 blk_mem_gen_2_synth_1
[Thu May 26 11:07:03 2022] Launched blk_mem_gen_2_synth_1...
Run output will be captured here: E:/vivado_files/vgatest/vgatest.runs/blk_mem_gen_2_synth_1/runme.log
export_simulation -of_objects [get_files e:/vivado_files/vgatest/vgatest.srcs/sources_1/ip/blk_mem_gen_2/blk_mem_gen_2.xci] -directory E:/vivado_files/vgatest/vgatest.ip_user_files/sim_scripts -ip_user_files_dir E:/vivado_files/vgatest/vgatest.ip_user_files -ipstatic_source_dir E:/vivado_files/vgatest/vgatest.ip_user_files/ipstatic -lib_map_path [list {modelsim=E:/vivado_files/vgatest/vgatest.cache/compile_simlib/modelsim} {questa=E:/vivado_files/vgatest/vgatest.cache/compile_simlib/questa} {riviera=E:/vivado_files/vgatest/vgatest.cache/compile_simlib/riviera} {activehdl=E:/vivado_files/vgatest/vgatest.cache/compile_simlib/activehdl}] -use_ip_compiled_libs -force -quiet
reset_run synth_1
WARNING: [Vivado 12-1017] Problems encountered:
1. Failed to delete one or more files in run directory E:/vivado_files/vgatest/vgatest.runs/synth_1

launch_runs impl_1 -to_step write_bitstream -jobs 4
[Thu May 26 11:12:50 2022] Launched synth_1...
Run output will be captured here: E:/vivado_files/vgatest/vgatest.runs/synth_1/runme.log
[Thu May 26 11:12:50 2022] Launched impl_1...
Run output will be captured here: E:/vivado_files/vgatest/vgatest.runs/impl_1/runme.log
WARNING: [IP_Flow 19-4067] Ignoring invalid widget type specified checkbox.Providing a default widget
WARNING: [IP_Flow 19-4067] Ignoring invalid widget type specified checkbox.Providing a default widget
reset_run synth_1
WARNING: [Vivado 12-1017] Problems encountered:
1. Failed to delete one or more files in run directory E:/vivado_files/vgatest/vgatest.runs/synth_1

launch_runs impl_1 -to_step write_bitstream -jobs 4
[Thu May 26 11:13:33 2022] Launched synth_1...
Run output will be captured here: E:/vivado_files/vgatest/vgatest.runs/synth_1/runme.log
[Thu May 26 11:13:33 2022] Launched impl_1...
Run output will be captured here: E:/vivado_files/vgatest/vgatest.runs/impl_1/runme.log
reset_run impl_1
update_compile_order -fileset sources_1
update_compile_order -fileset sources_1
reset_run synth_1
WARNING: [Vivado 12-1017] Problems encountered:
1. Failed to delete one or more files in run directory E:/vivado_files/vgatest/vgatest.runs/synth_1

launch_runs impl_1 -to_step write_bitstream -jobs 4
[Thu May 26 11:17:14 2022] Launched synth_1...
Run output will be captured here: E:/vivado_files/vgatest/vgatest.runs/synth_1/runme.log
[Thu May 26 11:17:14 2022] Launched impl_1...
Run output will be captured here: E:/vivado_files/vgatest/vgatest.runs/impl_1/runme.log
open_hw
INFO: [Labtools 27-2285] Connecting to hw_server url TCP:localhost:3121
INFO: [Labtools 27-2222] Launching hw_server...
INFO: [Labtools 27-2221] Launch Output:

****** Xilinx hw_server v2018.3
  **** Build date : Dec  7 2018-00:40:27
    ** Copyright 1986-2018 Xilinx, Inc. All Rights Reserved.


connect_hw_server -url localhost:3121
INFO: [Labtools 27-2285] Connecting to hw_server url TCP:localhost:3121
current_hw_target [get_hw_targets */xilinx_tcf/Digilent/210183ACA2E4A]
set_property PARAM.FREQUENCY 15000000 [get_hw_targets */xilinx_tcf/Digilent/210183ACA2E4A]
open_hw_target
INFO: [Labtoolstcl 44-466] Opening hw_target localhost:3121/xilinx_tcf/Digilent/210183ACA2E4A
set_property PROGRAM.FILE {E:/vivado_files/vgatest/vgatest.runs/impl_1/top.bit} [get_hw_devices xc7a35t_0]
current_hw_device [get_hw_devices xc7a35t_0]
refresh_hw_device -update_hw_probes false [lindex [get_hw_devices xc7a35t_0] 0]
INFO: [Labtools 27-1435] Device xc7a35t (JTAG device index = 0) is not programmed (DONE status = 0).
set_property PROBES.FILE {} [get_hw_devices xc7a35t_0]
set_property FULL_PROBES.FILE {} [get_hw_devices xc7a35t_0]
set_property PROGRAM.FILE {E:/vivado_files/vgatest/vgatest.runs/impl_1/top.bit} [get_hw_devices xc7a35t_0]
program_hw_devices [get_hw_devices xc7a35t_0]
INFO: [Labtools 27-3164] End of startup status: HIGH
refresh_hw_device [lindex [get_hw_devices xc7a35t_0] 0]
INFO: [Labtools 27-1434] Device xc7a35t (JTAG device index = 0) is programmed with a design that has no supported debug core(s) in it.
open_run impl_1
INFO: [Netlist 29-17] Analyzing 22 Unisim elements for replacement
INFO: [Netlist 29-28] Unisim Transformation completed in 0 CPU seconds
INFO: [Project 1-479] Netlist was created with Vivado 2018.3
INFO: [Project 1-570] Preparing netlist for logic optimization
INFO: [Timing 38-478] Restoring timing data from binary archive.
INFO: [Timing 38-479] Binary timing data restore complete.
INFO: [Project 1-856] Restoring constraints from binary archive.
INFO: [Project 1-853] Binary constraint restore complete.
Reading XDEF placement.
Reading placer database...
Reading XDEF routing.
Read XDEF File: Time (s): cpu = 00:00:00 ; elapsed = 00:00:00.072 . Memory (MB): peak = 2693.082 ; gain = 0.000
Restored from archive | CPU: 0.000000 secs | Memory: 0.000000 MB |
Finished XDEF File Restore: Time (s): cpu = 00:00:00 ; elapsed = 00:00:00.072 . Memory (MB): peak = 2693.082 ; gain = 0.000
Netlist sorting complete. Time (s): cpu = 00:00:00 ; elapsed = 00:00:00 . Memory (MB): peak = 2693.082 ; gain = 0.000
INFO: [Project 1-111] Unisim Transformation Summary:
No Unisim elements were transformed.

open_run: Time (s): cpu = 00:00:30 ; elapsed = 00:00:24 . Memory (MB): peak = 2821.449 ; gain = 794.062
reset_run synth_1
WARNING: [Vivado 12-1017] Problems encountered:
1. Failed to delete one or more files in run directory E:/vivado_files/vgatest/vgatest.runs/synth_1

launch_runs impl_1 -to_step write_bitstream -jobs 4
[Thu May 26 11:28:01 2022] Launched synth_1...
Run output will be captured here: E:/vivado_files/vgatest/vgatest.runs/synth_1/runme.log
[Thu May 26 11:28:01 2022] Launched impl_1...
Run output will be captured here: E:/vivado_files/vgatest/vgatest.runs/impl_1/runme.log
